<?xml version="1.0" encoding="UTF-8"?>
<testsuite xmlns:xsi="http://www.w3.org/2001/XMLSchema-instance" xsi:noNamespaceSchemaLocation="https://maven.apache.org/surefire/maven-surefire-plugin/xsd/surefire-test-report-3.0.xsd" version="3.0" name="learningcucumber.RunCucumberTest" time="0.612" tests="44" errors="0" skipped="0" failures="0">
  <properties>
[...]
</properties>
  <testcase name="Example #1.1" classname="Examples" time="0.172">
    <system-out><![CDATA[
Scenario Outline: user is (Dis)allowed in the specific dates conting from today                   &amp#27;[90m# learningcucumber/IsUserAllowed.feature:11&amp#27;[0m
  &amp#27;[32mGiven &amp#27;[0m&amp#27;[32mthe name &amp#27;[0m&amp#27;[32m&amp#27;[1m"Algo"&amp#27;[0m&amp#27;[32m and days interval &amp#27;[0m&amp#27;[32m&amp#27;[1m36525&amp#27;[0m                                                   &amp#27;[90m# learningcucumber.IsUserAllowed.userSubmitsName(java.lang.String,int)&amp#27;[0m
  &amp#27;[32mWhen &amp#27;[0m&amp#27;[32mwe want to abstract the user date input and check if the day intervals provide valid reply&amp#27;[0m &amp#27;[90m# learningcucumber.IsUserAllowed.iAskWhetherUserIsAllowed()&amp#27;[0m
  &amp#27;[32mThen &amp#27;[0m&amp#27;[32muser allowed value is &amp#27;[0m&amp#27;[32m&amp#27;[1m"True"&amp#27;[0m                                                               &amp#27;[90m# learningcucumber.IsUserAllowed.userAllowedValueIs(java.lang.String)&amp#27;[0m
]]></system-out>
    <system-err><![CDATA[ERROR StatusLogger Log4j2 could not find a logging implementation. Please add log4j-core to the classpath. Using SimpleLogger to log to the console...
]]></system-err>
  </testcase>
  <testcase name="Example #1.1" classname="Examples" time="0.011">
    <system-out><![CDATA[
Scenario Outline: Country is UK and user inputs are valid          &amp#27;[90m# learningcucumber/UnderTheSkinIntegration.feature:11&amp#27;[0m
  &amp#27;[32mGiven &amp#27;[0m&amp#27;[32muser submits name &amp#27;[0m&amp#27;[32m&amp#27;[1m"Algo"&amp#27;[0m&amp#27;[32m, date &amp#27;[0m&amp#27;[32m&amp#27;[1m"24/05/1900"&amp#27;[0m&amp#27;[32m and is from UK&amp#27;[0m &amp#27;[90m# learningcucumber.ValidateInputAndAge.userSubmitsUKInput(java.lang.String,java.lang.String)&amp#27;[0m
  &amp#27;[32mWhen &amp#27;[0m&amp#27;[32mi ask whether user the input is valid&amp#27;[0m                       &amp#27;[90m# learningcucumber.ValidateInputAndAge.iAskWhetherUserIsAllowed()&amp#27;[0m
  &amp#27;[32mThen &amp#27;[0m&amp#27;[32minput is valid = &amp#27;[0m&amp#27;[32m&amp#27;[1m"success"&amp#27;[0m                                  &amp#27;[90m# learningcucumber.ValidateInputAndAge.userAllowedValueIs(java.lang.String)&amp#27;[0m
]]></system-out>
  </testcase>
  <testcase name="Example #1.1" classname="Examples" time="0.006">
    <system-out><![CDATA[
Scenario Outline: Country is US and user inputs are valid          &amp#27;[90m# learningcucumber/UnderTheSkinIntegration.feature:28&amp#27;[0m
  &amp#27;[32mGiven &amp#27;[0m&amp#27;[32muser submits name &amp#27;[0m&amp#27;[32m&amp#27;[1m"Algo"&amp#27;[0m&amp#27;[32m, date &amp#27;[0m&amp#27;[32m&amp#27;[1m"24/05/1900"&amp#27;[0m&amp#27;[32m and is from US&amp#27;[0m &amp#27;[90m# learningcucumber.ValidateInputAndAge.userSubmitsUSInput(java.lang.String,java.lang.String)&amp#27;[0m
  &amp#27;[32mWhen &amp#27;[0m&amp#27;[32mi ask whether user the input is valid&amp#27;[0m                       &amp#27;[90m# learningcucumber.ValidateInputAndAge.iAskWhetherUserIsAllowed()&amp#27;[0m
  &amp#27;[32mThen &amp#27;[0m&amp#27;[32minput is valid = &amp#27;[0m&amp#27;[32m&amp#27;[1m"success"&amp#27;[0m                                  &amp#27;[90m# learningcucumber.ValidateInputAndAge.userAllowedValueIs(java.lang.String)&amp#27;[0m
]]></system-out>
  </testcase>
  <testcase name="Example #1.1" classname="Examples" time="0.005">
    <system-out><![CDATA[
Scenario Outline: Country is Spain and user inputs are valid          &amp#27;[90m# learningcucumber/UnderTheSkinIntegration.feature:48&amp#27;[0m
  &amp#27;[32mGiven &amp#27;[0m&amp#27;[32muser submits name &amp#27;[0m&amp#27;[32m&amp#27;[1m"Algo"&amp#27;[0m&amp#27;[32m, date &amp#27;[0m&amp#27;[32m&amp#27;[1m"24/05/1900"&amp#27;[0m&amp#27;[32m and is from Spain&amp#27;[0m &amp#27;[90m# learningcucumber.ValidateInputAndAge.userSubmitsSPInput(java.lang.String,java.lang.String)&amp#27;[0m
  &amp#27;[32mWhen &amp#27;[0m&amp#27;[32mi ask whether user the input is valid&amp#27;[0m                          &amp#27;[90m# learningcucumber.ValidateInputAndAge.iAskWhetherUserIsAllowed()&amp#27;[0m
  &amp#27;[32mThen &amp#27;[0m&amp#27;[32minput is valid = &amp#27;[0m&amp#27;[32m&amp#27;[1m"success"&amp#27;[0m                                     &amp#27;[90m# learningcucumber.ValidateInputAndAge.userAllowedValueIs(java.lang.String)&amp#27;[0m
]]></system-out>
  </testcase>
  <testcase name="Example #1.1" classname="Examples" time="0.003">
    <system-out><![CDATA[
Scenario Outline: Country is Portugal and user inputs are valid          &amp#27;[90m# learningcucumber/UnderTheSkinIntegration.feature:65&amp#27;[0m
  &amp#27;[32mGiven &amp#27;[0m&amp#27;[32muser submits name &amp#27;[0m&amp#27;[32m&amp#27;[1m"Algo"&amp#27;[0m&amp#27;[32m, date &amp#27;[0m&amp#27;[32m&amp#27;[1m"24/05/1900"&amp#27;[0m&amp#27;[32m and is from Portugal&amp#27;[0m &amp#27;[90m# learningcucumber.ValidateInputAndAge.userSubmitsPORInput(java.lang.String,java.lang.String)&amp#27;[0m
  &amp#27;[32mWhen &amp#27;[0m&amp#27;[32mi ask whether user the input is valid&amp#27;[0m                             &amp#27;[90m# learningcucumber.ValidateInputAndAge.iAskWhetherUserIsAllowed()&amp#27;[0m
  &amp#27;[32mThen &amp#27;[0m&amp#27;[32minput is valid = &amp#27;[0m&amp#27;[32m&amp#27;[1m"success"&amp#27;[0m                                        &amp#27;[90m# learningcucumber.ValidateInputAndAge.userAllowedValueIs(java.lang.String)&amp#27;[0m
]]></system-out>
  </testcase>
  <testcase name="Example #1.2" classname="Examples" time="0.011">
    <system-out><![CDATA[
Scenario Outline: user is (Dis)allowed in the specific dates conting from today                   &amp#27;[90m# learningcucumber/IsUserAllowed.feature:12&amp#27;[0m
  &amp#27;[32mGiven &amp#27;[0m&amp#27;[32mthe name &amp#27;[0m&amp#27;[32m&amp#27;[1m"Sunday"&amp#27;[0m&amp#27;[32m and days interval &amp#27;[0m&amp#27;[32m&amp#27;[1m6574&amp#27;[0m                                                  &amp#27;[90m# learningcucumber.IsUserAllowed.userSubmitsName(java.lang.String,int)&amp#27;[0m
  &amp#27;[32mWhen &amp#27;[0m&amp#27;[32mwe want to abstract the user date input and check if the day intervals provide valid reply&amp#27;[0m &amp#27;[90m# learningcucumber.IsUserAllowed.iAskWhetherUserIsAllowed()&amp#27;[0m
  &amp#27;[32mThen &amp#27;[0m&amp#27;[32muser allowed value is &amp#27;[0m&amp#27;[32m&amp#27;[1m"True"&amp#27;[0m                                                               &amp#27;[90m# learningcucumber.IsUserAllowed.userAllowedValueIs(java.lang.String)&amp#27;[0m
]]></system-out>
  </testcase>
  <testcase name="Example #1.2" classname="Examples" time="0.006">
    <system-out><![CDATA[
Scenario Outline: Country is UK and user inputs are valid          &amp#27;[90m# learningcucumber/UnderTheSkinIntegration.feature:12&amp#27;[0m
  &amp#27;[32mGiven &amp#27;[0m&amp#27;[32muser submits name &amp#27;[0m&amp#27;[32m&amp#27;[1m"Algo"&amp#27;[0m&amp#27;[32m, date &amp#27;[0m&amp#27;[32m&amp#27;[1m"24/05/2005"&amp#27;[0m&amp#27;[32m and is from UK&amp#27;[0m &amp#27;[90m# learningcucumber.ValidateInputAndAge.userSubmitsUKInput(java.lang.String,java.lang.String)&amp#27;[0m
  &amp#27;[32mWhen &amp#27;[0m&amp#27;[32mi ask whether user the input is valid&amp#27;[0m                       &amp#27;[90m# learningcucumber.ValidateInputAndAge.iAskWhetherUserIsAllowed()&amp#27;[0m
  &amp#27;[32mThen &amp#27;[0m&amp#27;[32minput is valid = &amp#27;[0m&amp#27;[32m&amp#27;[1m"success"&amp#27;[0m                                  &amp#27;[90m# learningcucumber.ValidateInputAndAge.userAllowedValueIs(java.lang.String)&amp#27;[0m
]]></system-out>
  </testcase>
  <testcase name="Example #1.2" classname="Examples" time="0.005">
    <system-out><![CDATA[
Scenario Outline: Country is US and user inputs are valid          &amp#27;[90m# learningcucumber/UnderTheSkinIntegration.feature:29&amp#27;[0m
  &amp#27;[32mGiven &amp#27;[0m&amp#27;[32muser submits name &amp#27;[0m&amp#27;[32m&amp#27;[1m"Algo"&amp#27;[0m&amp#27;[32m, date &amp#27;[0m&amp#27;[32m&amp#27;[1m"24/05/2002"&amp#27;[0m&amp#27;[32m and is from US&amp#27;[0m &amp#27;[90m# learningcucumber.ValidateInputAndAge.userSubmitsUSInput(java.lang.String,java.lang.String)&amp#27;[0m
  &amp#27;[32mWhen &amp#27;[0m&amp#27;[32mi ask whether user the input is valid&amp#27;[0m                       &amp#27;[90m# learningcucumber.ValidateInputAndAge.iAskWhetherUserIsAllowed()&amp#27;[0m
  &amp#27;[32mThen &amp#27;[0m&amp#27;[32minput is valid = &amp#27;[0m&amp#27;[32m&amp#27;[1m"success"&amp#27;[0m                                  &amp#27;[90m# learningcucumber.ValidateInputAndAge.userAllowedValueIs(java.lang.String)&amp#27;[0m
]]></system-out>
  </testcase>
  <testcase name="Example #1.2" classname="Examples" time="0.006">
    <system-out><![CDATA[
Scenario Outline: Country is Spain and user inputs are valid          &amp#27;[90m# learningcucumber/UnderTheSkinIntegration.feature:49&amp#27;[0m
  &amp#27;[32mGiven &amp#27;[0m&amp#27;[32muser submits name &amp#27;[0m&amp#27;[32m&amp#27;[1m"Algo"&amp#27;[0m&amp#27;[32m, date &amp#27;[0m&amp#27;[32m&amp#27;[1m"24/05/2007"&amp#27;[0m&amp#27;[32m and is from Spain&amp#27;[0m &amp#27;[90m# learningcucumber.ValidateInputAndAge.userSubmitsSPInput(java.lang.String,java.lang.String)&amp#27;[0m
  &amp#27;[32mWhen &amp#27;[0m&amp#27;[32mi ask whether user the input is valid&amp#27;[0m                          &amp#27;[90m# learningcucumber.ValidateInputAndAge.iAskWhetherUserIsAllowed()&amp#27;[0m
  &amp#27;[32mThen &amp#27;[0m&amp#27;[32minput is valid = &amp#27;[0m&amp#27;[32m&amp#27;[1m"success"&amp#27;[0m                                     &amp#27;[90m# learningcucumber.ValidateInputAndAge.userAllowedValueIs(java.lang.String)&amp#27;[0m
]]></system-out>
  </testcase>
  <testcase name="Example #1.2" classname="Examples" time="0.004">
    <system-out><![CDATA[
Scenario Outline: Country is Portugal and user inputs are valid          &amp#27;[90m# learningcucumber/UnderTheSkinIntegration.feature:66&amp#27;[0m
  &amp#27;[32mGiven &amp#27;[0m&amp#27;[32muser submits name &amp#27;[0m&amp#27;[32m&amp#27;[1m"Algo"&amp#27;[0m&amp#27;[32m, date &amp#27;[0m&amp#27;[32m&amp#27;[1m"24/05/2007"&amp#27;[0m&amp#27;[32m and is from Portugal&amp#27;[0m &amp#27;[90m# learningcucumber.ValidateInputAndAge.userSubmitsPORInput(java.lang.String,java.lang.String)&amp#27;[0m
  &amp#27;[32mWhen &amp#27;[0m&amp#27;[32mi ask whether user the input is valid&amp#27;[0m                             &amp#27;[90m# learningcucumber.ValidateInputAndAge.iAskWhetherUserIsAllowed()&amp#27;[0m
  &amp#27;[32mThen &amp#27;[0m&amp#27;[32minput is valid = &amp#27;[0m&amp#27;[32m&amp#27;[1m"success"&amp#27;[0m                                        &amp#27;[90m# learningcucumber.ValidateInputAndAge.userAllowedValueIs(java.lang.String)&amp#27;[0m
]]></system-out>
  </testcase>
  <testcase name="Example #1.3" classname="Examples" time="0.008">
    <system-out><![CDATA[
Scenario Outline: user is (Dis)allowed in the specific dates conting from today                   &amp#27;[90m# learningcucumber/IsUserAllowed.feature:13&amp#27;[0m
  &amp#27;[32mGiven &amp#27;[0m&amp#27;[32mthe name &amp#27;[0m&amp#27;[32m&amp#27;[1m"John"&amp#27;[0m&amp#27;[32m and days interval &amp#27;[0m&amp#27;[32m&amp#27;[1m7670&amp#27;[0m                                                    &amp#27;[90m# learningcucumber.IsUserAllowed.userSubmitsName(java.lang.String,int)&amp#27;[0m
  &amp#27;[32mWhen &amp#27;[0m&amp#27;[32mwe want to abstract the user date input and check if the day intervals provide valid reply&amp#27;[0m &amp#27;[90m# learningcucumber.IsUserAllowed.iAskWhetherUserIsAllowed()&amp#27;[0m
  &amp#27;[32mThen &amp#27;[0m&amp#27;[32muser allowed value is &amp#27;[0m&amp#27;[32m&amp#27;[1m"True"&amp#27;[0m                                                               &amp#27;[90m# learningcucumber.IsUserAllowed.userAllowedValueIs(java.lang.String)&amp#27;[0m
]]></system-out>
  </testcase>
  <testcase name="Example #1.3" classname="Examples" time="0.006">
    <system-out><![CDATA[
Scenario Outline: Country is UK and user inputs are valid          &amp#27;[90m# learningcucumber/UnderTheSkinIntegration.feature:13&amp#27;[0m
  &amp#27;[32mGiven &amp#27;[0m&amp#27;[32muser submits name &amp#27;[0m&amp#27;[32m&amp#27;[1m"Algo"&amp#27;[0m&amp#27;[32m, date &amp#27;[0m&amp#27;[32m&amp#27;[1m"31/12/2005"&amp#27;[0m&amp#27;[32m and is from UK&amp#27;[0m &amp#27;[90m# learningcucumber.ValidateInputAndAge.userSubmitsUKInput(java.lang.String,java.lang.String)&amp#27;[0m
  &amp#27;[32mWhen &amp#27;[0m&amp#27;[32mi ask whether user the input is valid&amp#27;[0m                       &amp#27;[90m# learningcucumber.ValidateInputAndAge.iAskWhetherUserIsAllowed()&amp#27;[0m
  &amp#27;[32mThen &amp#27;[0m&amp#27;[32minput is valid = &amp#27;[0m&amp#27;[32m&amp#27;[1m"input"&amp#27;[0m                                    &amp#27;[90m# learningcucumber.ValidateInputAndAge.userAllowedValueIs(java.lang.String)&amp#27;[0m
]]></system-out>
  </testcase>
  <testcase name="Example #1.3" classname="Examples" time="0.004">
    <system-out><![CDATA[
Scenario Outline: Country is US and user inputs are valid          &amp#27;[90m# learningcucumber/UnderTheSkinIntegration.feature:30&amp#27;[0m
  &amp#27;[32mGiven &amp#27;[0m&amp#27;[32muser submits name &amp#27;[0m&amp#27;[32m&amp#27;[1m"Algo"&amp#27;[0m&amp#27;[32m, date &amp#27;[0m&amp#27;[32m&amp#27;[1m"31/12/2002"&amp#27;[0m&amp#27;[32m and is from US&amp#27;[0m &amp#27;[90m# learningcucumber.ValidateInputAndAge.userSubmitsUSInput(java.lang.String,java.lang.String)&amp#27;[0m
  &amp#27;[32mWhen &amp#27;[0m&amp#27;[32mi ask whether user the input is valid&amp#27;[0m                       &amp#27;[90m# learningcucumber.ValidateInputAndAge.iAskWhetherUserIsAllowed()&amp#27;[0m
  &amp#27;[32mThen &amp#27;[0m&amp#27;[32minput is valid = &amp#27;[0m&amp#27;[32m&amp#27;[1m"input"&amp#27;[0m                                    &amp#27;[90m# learningcucumber.ValidateInputAndAge.userAllowedValueIs(java.lang.String)&amp#27;[0m
]]></system-out>
  </testcase>
  <testcase name="Example #1.3" classname="Examples" time="0.003">
    <system-out><![CDATA[
Scenario Outline: Country is Spain and user inputs are valid          &amp#27;[90m# learningcucumber/UnderTheSkinIntegration.feature:50&amp#27;[0m
  &amp#27;[32mGiven &amp#27;[0m&amp#27;[32muser submits name &amp#27;[0m&amp#27;[32m&amp#27;[1m"Algo"&amp#27;[0m&amp#27;[32m, date &amp#27;[0m&amp#27;[32m&amp#27;[1m"31/12/2007"&amp#27;[0m&amp#27;[32m and is from Spain&amp#27;[0m &amp#27;[90m# learningcucumber.ValidateInputAndAge.userSubmitsSPInput(java.lang.String,java.lang.String)&amp#27;[0m
  &amp#27;[32mWhen &amp#27;[0m&amp#27;[32mi ask whether user the input is valid&amp#27;[0m                          &amp#27;[90m# learningcucumber.ValidateInputAndAge.iAskWhetherUserIsAllowed()&amp#27;[0m
  &amp#27;[32mThen &amp#27;[0m&amp#27;[32minput is valid = &amp#27;[0m&amp#27;[32m&amp#27;[1m"input"&amp#27;[0m                                       &amp#27;[90m# learningcucumber.ValidateInputAndAge.userAllowedValueIs(java.lang.String)&amp#27;[0m
]]></system-out>
  </testcase>
  <testcase name="Example #1.3" classname="Examples" time="0.003">
    <system-out><![CDATA[
Scenario Outline: Country is Portugal and user inputs are valid          &amp#27;[90m# learningcucumber/UnderTheSkinIntegration.feature:67&amp#27;[0m
  &amp#27;[32mGiven &amp#27;[0m&amp#27;[32muser submits name &amp#27;[0m&amp#27;[32m&amp#27;[1m"Algo"&amp#27;[0m&amp#27;[32m, date &amp#27;[0m&amp#27;[32m&amp#27;[1m"31/12/2007"&amp#27;[0m&amp#27;[32m and is from Portugal&amp#27;[0m &amp#27;[90m# learningcucumber.ValidateInputAndAge.userSubmitsPORInput(java.lang.String,java.lang.String)&amp#27;[0m
  &amp#27;[32mWhen &amp#27;[0m&amp#27;[32mi ask whether user the input is valid&amp#27;[0m                             &amp#27;[90m# learningcucumber.ValidateInputAndAge.iAskWhetherUserIsAllowed()&amp#27;[0m
  &amp#27;[32mThen &amp#27;[0m&amp#27;[32minput is valid = &amp#27;[0m&amp#27;[32m&amp#27;[1m"input"&amp#27;[0m                                          &amp#27;[90m# learningcucumber.ValidateInputAndAge.userAllowedValueIs(java.lang.String)&amp#27;[0m
]]></system-out>
  </testcase>
  <testcase name="Example #1.4" classname="Examples" time="0.007">
    <system-out><![CDATA[
Scenario Outline: user is (Dis)allowed in the specific dates conting from today                   &amp#27;[90m# learningcucumber/IsUserAllowed.feature:14&amp#27;[0m
  &amp#27;[32mGiven &amp#27;[0m&amp#27;[32mthe name &amp#27;[0m&amp#27;[32m&amp#27;[1m"Algo"&amp#27;[0m&amp#27;[32m and days interval &amp#27;[0m&amp#27;[32m&amp#27;[1m5478&amp#27;[0m                                                    &amp#27;[90m# learningcucumber.IsUserAllowed.userSubmitsName(java.lang.String,int)&amp#27;[0m
  &amp#27;[32mWhen &amp#27;[0m&amp#27;[32mwe want to abstract the user date input and check if the day intervals provide valid reply&amp#27;[0m &amp#27;[90m# learningcucumber.IsUserAllowed.iAskWhetherUserIsAllowed()&amp#27;[0m
  &amp#27;[32mThen &amp#27;[0m&amp#27;[32muser allowed value is &amp#27;[0m&amp#27;[32m&amp#27;[1m"False"&amp#27;[0m                                                              &amp#27;[90m# learningcucumber.IsUserAllowed.userAllowedValueIs(java.lang.String)&amp#27;[0m
]]></system-out>
  </testcase>
  <testcase name="Example #1.4" classname="Examples" time="0.005">
    <system-out><![CDATA[
Scenario Outline: Country is UK and user inputs are valid          &amp#27;[90m# learningcucumber/UnderTheSkinIntegration.feature:14&amp#27;[0m
  &amp#27;[32mGiven &amp#27;[0m&amp#27;[32muser submits name &amp#27;[0m&amp#27;[32m&amp#27;[1m"Algo"&amp#27;[0m&amp#27;[32m, date &amp#27;[0m&amp#27;[32m&amp#27;[1m"24/05/2006"&amp#27;[0m&amp#27;[32m and is from UK&amp#27;[0m &amp#27;[90m# learningcucumber.ValidateInputAndAge.userSubmitsUKInput(java.lang.String,java.lang.String)&amp#27;[0m
  &amp#27;[32mWhen &amp#27;[0m&amp#27;[32mi ask whether user the input is valid&amp#27;[0m                       &amp#27;[90m# learningcucumber.ValidateInputAndAge.iAskWhetherUserIsAllowed()&amp#27;[0m
  &amp#27;[32mThen &amp#27;[0m&amp#27;[32minput is valid = &amp#27;[0m&amp#27;[32m&amp#27;[1m"input"&amp#27;[0m                                    &amp#27;[90m# learningcucumber.ValidateInputAndAge.userAllowedValueIs(java.lang.String)&amp#27;[0m
]]></system-out>
  </testcase>
  <testcase name="Example #1.4" classname="Examples" time="0.004">
    <system-out><![CDATA[
Scenario Outline: Country is US and user inputs are valid          &amp#27;[90m# learningcucumber/UnderTheSkinIntegration.feature:31&amp#27;[0m
  &amp#27;[32mGiven &amp#27;[0m&amp#27;[32muser submits name &amp#27;[0m&amp#27;[32m&amp#27;[1m"Algo"&amp#27;[0m&amp#27;[32m, date &amp#27;[0m&amp#27;[32m&amp#27;[1m"24/05/2003"&amp#27;[0m&amp#27;[32m and is from US&amp#27;[0m &amp#27;[90m# learningcucumber.ValidateInputAndAge.userSubmitsUSInput(java.lang.String,java.lang.String)&amp#27;[0m
  &amp#27;[32mWhen &amp#27;[0m&amp#27;[32mi ask whether user the input is valid&amp#27;[0m                       &amp#27;[90m# learningcucumber.ValidateInputAndAge.iAskWhetherUserIsAllowed()&amp#27;[0m
  &amp#27;[32mThen &amp#27;[0m&amp#27;[32minput is valid = &amp#27;[0m&amp#27;[32m&amp#27;[1m"input"&amp#27;[0m                                    &amp#27;[90m# learningcucumber.ValidateInputAndAge.userAllowedValueIs(java.lang.String)&amp#27;[0m
]]></system-out>
  </testcase>
  <testcase name="Example #1.4" classname="Examples" time="0.004">
    <system-out><![CDATA[
Scenario Outline: Country is Spain and user inputs are valid          &amp#27;[90m# learningcucumber/UnderTheSkinIntegration.feature:51&amp#27;[0m
  &amp#27;[32mGiven &amp#27;[0m&amp#27;[32muser submits name &amp#27;[0m&amp#27;[32m&amp#27;[1m"Algo"&amp#27;[0m&amp#27;[32m, date &amp#27;[0m&amp#27;[32m&amp#27;[1m"24/05/2008"&amp#27;[0m&amp#27;[32m and is from Spain&amp#27;[0m &amp#27;[90m# learningcucumber.ValidateInputAndAge.userSubmitsSPInput(java.lang.String,java.lang.String)&amp#27;[0m
  &amp#27;[32mWhen &amp#27;[0m&amp#27;[32mi ask whether user the input is valid&amp#27;[0m                          &amp#27;[90m# learningcucumber.ValidateInputAndAge.iAskWhetherUserIsAllowed()&amp#27;[0m
  &amp#27;[32mThen &amp#27;[0m&amp#27;[32minput is valid = &amp#27;[0m&amp#27;[32m&amp#27;[1m"input"&amp#27;[0m                                       &amp#27;[90m# learningcucumber.ValidateInputAndAge.userAllowedValueIs(java.lang.String)&amp#27;[0m
]]></system-out>
  </testcase>
  <testcase name="Example #1.4" classname="Examples" time="0.004">
    <system-out><![CDATA[
Scenario Outline: Country is Portugal and user inputs are valid          &amp#27;[90m# learningcucumber/UnderTheSkinIntegration.feature:68&amp#27;[0m
  &amp#27;[32mGiven &amp#27;[0m&amp#27;[32muser submits name &amp#27;[0m&amp#27;[32m&amp#27;[1m"Algo"&amp#27;[0m&amp#27;[32m, date &amp#27;[0m&amp#27;[32m&amp#27;[1m"24/05/2008"&amp#27;[0m&amp#27;[32m and is from Portugal&amp#27;[0m &amp#27;[90m# learningcucumber.ValidateInputAndAge.userSubmitsPORInput(java.lang.String,java.lang.String)&amp#27;[0m
  &amp#27;[32mWhen &amp#27;[0m&amp#27;[32mi ask whether user the input is valid&amp#27;[0m                             &amp#27;[90m# learningcucumber.ValidateInputAndAge.iAskWhetherUserIsAllowed()&amp#27;[0m
  &amp#27;[32mThen &amp#27;[0m&amp#27;[32minput is valid = &amp#27;[0m&amp#27;[32m&amp#27;[1m"input"&amp#27;[0m                                          &amp#27;[90m# learningcucumber.ValidateInputAndAge.userAllowedValueIs(java.lang.String)&amp#27;[0m
]]></system-out>
  </testcase>
  <testcase name="Example #1.5" classname="Examples" time="0.005">
    <system-out><![CDATA[
Scenario Outline: user is (Dis)allowed in the specific dates conting from today                   &amp#27;[90m# learningcucumber/IsUserAllowed.feature:15&amp#27;[0m
  &amp#27;[32mGiven &amp#27;[0m&amp#27;[32mthe name &amp#27;[0m&amp#27;[32m&amp#27;[1m"Algo"&amp#27;[0m&amp#27;[32m and days interval &amp#27;[0m&amp#27;[32m&amp#27;[1m-1&amp#27;[0m                                                      &amp#27;[90m# learningcucumber.IsUserAllowed.userSubmitsName(java.lang.String,int)&amp#27;[0m
  &amp#27;[32mWhen &amp#27;[0m&amp#27;[32mwe want to abstract the user date input and check if the day intervals provide valid reply&amp#27;[0m &amp#27;[90m# learningcucumber.IsUserAllowed.iAskWhetherUserIsAllowed()&amp#27;[0m
  &amp#27;[32mThen &amp#27;[0m&amp#27;[32muser allowed value is &amp#27;[0m&amp#27;[32m&amp#27;[1m"False"&amp#27;[0m                                                              &amp#27;[90m# learningcucumber.IsUserAllowed.userAllowedValueIs(java.lang.String)&amp#27;[0m
]]></system-out>
  </testcase>
  <testcase name="Example #1.5" classname="Examples" time="0.006">
    <system-out><![CDATA[
Scenario Outline: Country is UK and user inputs are valid            &amp#27;[90m# learningcucumber/UnderTheSkinIntegration.feature:15&amp#27;[0m
  &amp#27;[32mGiven &amp#27;[0m&amp#27;[32muser submits name &amp#27;[0m&amp#27;[32m&amp#27;[1m"Sunday"&amp#27;[0m&amp#27;[32m, date &amp#27;[0m&amp#27;[32m&amp#27;[1m"24/05/2010"&amp#27;[0m&amp#27;[32m and is from UK&amp#27;[0m &amp#27;[90m# learningcucumber.ValidateInputAndAge.userSubmitsUKInput(java.lang.String,java.lang.String)&amp#27;[0m
  &amp#27;[32mWhen &amp#27;[0m&amp#27;[32mi ask whether user the input is valid&amp#27;[0m                         &amp#27;[90m# learningcucumber.ValidateInputAndAge.iAskWhetherUserIsAllowed()&amp#27;[0m
  &amp#27;[32mThen &amp#27;[0m&amp#27;[32minput is valid = &amp#27;[0m&amp#27;[32m&amp#27;[1m"input"&amp#27;[0m                                      &amp#27;[90m# learningcucumber.ValidateInputAndAge.userAllowedValueIs(java.lang.String)&amp#27;[0m
]]></system-out>
  </testcase>
  <testcase name="Example #1.5" classname="Examples" time="0.005">
    <system-out><![CDATA[
Scenario Outline: Country is US and user inputs are valid            &amp#27;[90m# learningcucumber/UnderTheSkinIntegration.feature:32&amp#27;[0m
  &amp#27;[32mGiven &amp#27;[0m&amp#27;[32muser submits name &amp#27;[0m&amp#27;[32m&amp#27;[1m"Sunday"&amp#27;[0m&amp#27;[32m, date &amp#27;[0m&amp#27;[32m&amp#27;[1m"24/05/2010"&amp#27;[0m&amp#27;[32m and is from US&amp#27;[0m &amp#27;[90m# learningcucumber.ValidateInputAndAge.userSubmitsUSInput(java.lang.String,java.lang.String)&amp#27;[0m
  &amp#27;[32mWhen &amp#27;[0m&amp#27;[32mi ask whether user the input is valid&amp#27;[0m                         &amp#27;[90m# learningcucumber.ValidateInputAndAge.iAskWhetherUserIsAllowed()&amp#27;[0m
  &amp#27;[32mThen &amp#27;[0m&amp#27;[32minput is valid = &amp#27;[0m&amp#27;[32m&amp#27;[1m"input"&amp#27;[0m                                      &amp#27;[90m# learningcucumber.ValidateInputAndAge.userAllowedValueIs(java.lang.String)&amp#27;[0m
]]></system-out>
  </testcase>
  <testcase name="Example #1.5" classname="Examples" time="0.005">
    <system-out><![CDATA[
Scenario Outline: Country is Spain and user inputs are valid            &amp#27;[90m# learningcucumber/UnderTheSkinIntegration.feature:52&amp#27;[0m
  &amp#27;[32mGiven &amp#27;[0m&amp#27;[32muser submits name &amp#27;[0m&amp#27;[32m&amp#27;[1m"Sunday"&amp#27;[0m&amp#27;[32m, date &amp#27;[0m&amp#27;[32m&amp#27;[1m"24/05/3000"&amp#27;[0m&amp#27;[32m and is from Spain&amp#27;[0m &amp#27;[90m# learningcucumber.ValidateInputAndAge.userSubmitsSPInput(java.lang.String,java.lang.String)&amp#27;[0m
  &amp#27;[32mWhen &amp#27;[0m&amp#27;[32mi ask whether user the input is valid&amp#27;[0m                            &amp#27;[90m# learningcucumber.ValidateInputAndAge.iAskWhetherUserIsAllowed()&amp#27;[0m
  &amp#27;[32mThen &amp#27;[0m&amp#27;[32minput is valid = &amp#27;[0m&amp#27;[32m&amp#27;[1m"input"&amp#27;[0m                                         &amp#27;[90m# learningcucumber.ValidateInputAndAge.userAllowedValueIs(java.lang.String)&amp#27;[0m
]]></system-out>
  </testcase>
  <testcase name="Example #1.5" classname="Examples" time="0.004">
    <system-out><![CDATA[
Scenario Outline: Country is Portugal and user inputs are valid            &amp#27;[90m# learningcucumber/UnderTheSkinIntegration.feature:69&amp#27;[0m
  &amp#27;[32mGiven &amp#27;[0m&amp#27;[32muser submits name &amp#27;[0m&amp#27;[32m&amp#27;[1m"Sunday"&amp#27;[0m&amp#27;[32m, date &amp#27;[0m&amp#27;[32m&amp#27;[1m"24/05/3000"&amp#27;[0m&amp#27;[32m and is from Portugal&amp#27;[0m &amp#27;[90m# learningcucumber.ValidateInputAndAge.userSubmitsPORInput(java.lang.String,java.lang.String)&amp#27;[0m
  &amp#27;[32mWhen &amp#27;[0m&amp#27;[32mi ask whether user the input is valid&amp#27;[0m                               &amp#27;[90m# learningcucumber.ValidateInputAndAge.iAskWhetherUserIsAllowed()&amp#27;[0m
  &amp#27;[32mThen &amp#27;[0m&amp#27;[32minput is valid = &amp#27;[0m&amp#27;[32m&amp#27;[1m"input"&amp#27;[0m                                            &amp#27;[90m# learningcucumber.ValidateInputAndAge.userAllowedValueIs(java.lang.String)&amp#27;[0m
]]></system-out>
  </testcase>
  <testcase name="Example #1.6" classname="Examples" time="0.007">
    <system-out><![CDATA[
Scenario Outline: user is (Dis)allowed in the specific dates conting from today                   &amp#27;[90m# learningcucumber/IsUserAllowed.feature:16&amp#27;[0m
  &amp#27;[32mGiven &amp#27;[0m&amp#27;[32mthe name &amp#27;[0m&amp#27;[32m&amp#27;[1m"Algo"&amp#27;[0m&amp#27;[32m and days interval &amp#27;[0m&amp#27;[32m&amp#27;[1m30&amp#27;[0m                                                      &amp#27;[90m# learningcucumber.IsUserAllowed.userSubmitsName(java.lang.String,int)&amp#27;[0m
  &amp#27;[32mWhen &amp#27;[0m&amp#27;[32mwe want to abstract the user date input and check if the day intervals provide valid reply&amp#27;[0m &amp#27;[90m# learningcucumber.IsUserAllowed.iAskWhetherUserIsAllowed()&amp#27;[0m
  &amp#27;[32mThen &amp#27;[0m&amp#27;[32muser allowed value is &amp#27;[0m&amp#27;[32m&amp#27;[1m"False"&amp#27;[0m                                                              &amp#27;[90m# learningcucumber.IsUserAllowed.userAllowedValueIs(java.lang.String)&amp#27;[0m
]]></system-out>
  </testcase>
  <testcase name="Example #1.6" classname="Examples" time="0.004">
    <system-out><![CDATA[
Scenario Outline: Country is UK and user inputs are valid          &amp#27;[90m# learningcucumber/UnderTheSkinIntegration.feature:16&amp#27;[0m
  &amp#27;[32mGiven &amp#27;[0m&amp#27;[32muser submits name &amp#27;[0m&amp#27;[32m&amp#27;[1m"Algo"&amp#27;[0m&amp#27;[32m, date &amp#27;[0m&amp#27;[32m&amp#27;[1m"24/13/2010"&amp#27;[0m&amp#27;[32m and is from UK&amp#27;[0m &amp#27;[90m# learningcucumber.ValidateInputAndAge.userSubmitsUKInput(java.lang.String,java.lang.String)&amp#27;[0m
  &amp#27;[32mWhen &amp#27;[0m&amp#27;[32mi ask whether user the input is valid&amp#27;[0m                       &amp#27;[90m# learningcucumber.ValidateInputAndAge.iAskWhetherUserIsAllowed()&amp#27;[0m
  &amp#27;[32mThen &amp#27;[0m&amp#27;[32minput is valid = &amp#27;[0m&amp#27;[32m&amp#27;[1m"input"&amp#27;[0m                                    &amp#27;[90m# learningcucumber.ValidateInputAndAge.userAllowedValueIs(java.lang.String)&amp#27;[0m
]]></system-out>
  </testcase>
  <testcase name="Example #1.6" classname="Examples" time="0.005">
    <system-out><![CDATA[
Scenario Outline: Country is US and user inputs are valid          &amp#27;[90m# learningcucumber/UnderTheSkinIntegration.feature:33&amp#27;[0m
  &amp#27;[32mGiven &amp#27;[0m&amp#27;[32muser submits name &amp#27;[0m&amp#27;[32m&amp#27;[1m"Algo"&amp#27;[0m&amp#27;[32m, date &amp#27;[0m&amp#27;[32m&amp#27;[1m"24/13/2010"&amp#27;[0m&amp#27;[32m and is from US&amp#27;[0m &amp#27;[90m# learningcucumber.ValidateInputAndAge.userSubmitsUSInput(java.lang.String,java.lang.String)&amp#27;[0m
  &amp#27;[32mWhen &amp#27;[0m&amp#27;[32mi ask whether user the input is valid&amp#27;[0m                       &amp#27;[90m# learningcucumber.ValidateInputAndAge.iAskWhetherUserIsAllowed()&amp#27;[0m
  &amp#27;[32mThen &amp#27;[0m&amp#27;[32minput is valid = &amp#27;[0m&amp#27;[32m&amp#27;[1m"input"&amp#27;[0m                                    &amp#27;[90m# learningcucumber.ValidateInputAndAge.userAllowedValueIs(java.lang.String)&amp#27;[0m
]]></system-out>
  </testcase>
  <testcase name="Example #1.6" classname="Examples" time="0.004">
    <system-out><![CDATA[
Scenario Outline: Country is Spain and user inputs are valid          &amp#27;[90m# learningcucumber/UnderTheSkinIntegration.feature:53&amp#27;[0m
  &amp#27;[32mGiven &amp#27;[0m&amp#27;[32muser submits name &amp#27;[0m&amp#27;[32m&amp#27;[1m"Algo"&amp#27;[0m&amp#27;[32m, date &amp#27;[0m&amp#27;[32m&amp#27;[1m"24/13/2010"&amp#27;[0m&amp#27;[32m and is from Spain&amp#27;[0m &amp#27;[90m# learningcucumber.ValidateInputAndAge.userSubmitsSPInput(java.lang.String,java.lang.String)&amp#27;[0m
  &amp#27;[32mWhen &amp#27;[0m&amp#27;[32mi ask whether user the input is valid&amp#27;[0m                          &amp#27;[90m# learningcucumber.ValidateInputAndAge.iAskWhetherUserIsAllowed()&amp#27;[0m
  &amp#27;[32mThen &amp#27;[0m&amp#27;[32minput is valid = &amp#27;[0m&amp#27;[32m&amp#27;[1m"input"&amp#27;[0m                                       &amp#27;[90m# learningcucumber.ValidateInputAndAge.userAllowedValueIs(java.lang.String)&amp#27;[0m
]]></system-out>
  </testcase>
  <testcase name="Example #1.6" classname="Examples" time="0.003">
    <system-out><![CDATA[
Scenario Outline: Country is Portugal and user inputs are valid          &amp#27;[90m# learningcucumber/UnderTheSkinIntegration.feature:70&amp#27;[0m
  &amp#27;[32mGiven &amp#27;[0m&amp#27;[32muser submits name &amp#27;[0m&amp#27;[32m&amp#27;[1m"Algo"&amp#27;[0m&amp#27;[32m, date &amp#27;[0m&amp#27;[32m&amp#27;[1m"24/13/2010"&amp#27;[0m&amp#27;[32m and is from Portugal&amp#27;[0m &amp#27;[90m# learningcucumber.ValidateInputAndAge.userSubmitsPORInput(java.lang.String,java.lang.String)&amp#27;[0m
  &amp#27;[32mWhen &amp#27;[0m&amp#27;[32mi ask whether user the input is valid&amp#27;[0m                             &amp#27;[90m# learningcucumber.ValidateInputAndAge.iAskWhetherUserIsAllowed()&amp#27;[0m
  &amp#27;[32mThen &amp#27;[0m&amp#27;[32minput is valid = &amp#27;[0m&amp#27;[32m&amp#27;[1m"input"&amp#27;[0m                                          &amp#27;[90m# learningcucumber.ValidateInputAndAge.userAllowedValueIs(java.lang.String)&amp#27;[0m
]]></system-out>
  </testcase>
  <testcase name="Example #1.7" classname="Examples" time="0.006">
    <system-out><![CDATA[
Scenario Outline: user is (Dis)allowed in the specific dates conting from today                   &amp#27;[90m# learningcucumber/IsUserAllowed.feature:17&amp#27;[0m
  &amp#27;[32mGiven &amp#27;[0m&amp#27;[32mthe name &amp#27;[0m&amp#27;[32m&amp#27;[1m""&amp#27;[0m&amp#27;[32m and days interval &amp#27;[0m&amp#27;[32m&amp#27;[1m36525&amp#27;[0m                                                       &amp#27;[90m# learningcucumber.IsUserAllowed.userSubmitsName(java.lang.String,int)&amp#27;[0m
  &amp#27;[32mWhen &amp#27;[0m&amp#27;[32mwe want to abstract the user date input and check if the day intervals provide valid reply&amp#27;[0m &amp#27;[90m# learningcucumber.IsUserAllowed.iAskWhetherUserIsAllowed()&amp#27;[0m
  &amp#27;[32mThen &amp#27;[0m&amp#27;[32muser allowed value is &amp#27;[0m&amp#27;[32m&amp#27;[1m"False"&amp#27;[0m                                                              &amp#27;[90m# learningcucumber.IsUserAllowed.userAllowedValueIs(java.lang.String)&amp#27;[0m
]]></system-out>
  </testcase>
  <testcase name="Example #1.7" classname="Examples" time="0.005">
    <system-out><![CDATA[
Scenario Outline: Country is UK and user inputs are valid          &amp#27;[90m# learningcucumber/UnderTheSkinIntegration.feature:17&amp#27;[0m
  &amp#27;[32mGiven &amp#27;[0m&amp#27;[32muser submits name &amp#27;[0m&amp#27;[32m&amp#27;[1m"Algo"&amp#27;[0m&amp#27;[32m, date &amp#27;[0m&amp#27;[32m&amp#27;[1m"29/02/2010"&amp#27;[0m&amp#27;[32m and is from UK&amp#27;[0m &amp#27;[90m# learningcucumber.ValidateInputAndAge.userSubmitsUKInput(java.lang.String,java.lang.String)&amp#27;[0m
  &amp#27;[32mWhen &amp#27;[0m&amp#27;[32mi ask whether user the input is valid&amp#27;[0m                       &amp#27;[90m# learningcucumber.ValidateInputAndAge.iAskWhetherUserIsAllowed()&amp#27;[0m
  &amp#27;[32mThen &amp#27;[0m&amp#27;[32minput is valid = &amp#27;[0m&amp#27;[32m&amp#27;[1m"input"&amp#27;[0m                                    &amp#27;[90m# learningcucumber.ValidateInputAndAge.userAllowedValueIs(java.lang.String)&amp#27;[0m
]]></system-out>
  </testcase>
  <testcase name="Example #1.7" classname="Examples" time="0.005">
    <system-out><![CDATA[
Scenario Outline: Country is US and user inputs are valid          &amp#27;[90m# learningcucumber/UnderTheSkinIntegration.feature:34&amp#27;[0m
  &amp#27;[32mGiven &amp#27;[0m&amp#27;[32muser submits name &amp#27;[0m&amp#27;[32m&amp#27;[1m"Algo"&amp#27;[0m&amp#27;[32m, date &amp#27;[0m&amp#27;[32m&amp#27;[1m"29/02/2010"&amp#27;[0m&amp#27;[32m and is from US&amp#27;[0m &amp#27;[90m# learningcucumber.ValidateInputAndAge.userSubmitsUSInput(java.lang.String,java.lang.String)&amp#27;[0m
  &amp#27;[32mWhen &amp#27;[0m&amp#27;[32mi ask whether user the input is valid&amp#27;[0m                       &amp#27;[90m# learningcucumber.ValidateInputAndAge.iAskWhetherUserIsAllowed()&amp#27;[0m
  &amp#27;[32mThen &amp#27;[0m&amp#27;[32minput is valid = &amp#27;[0m&amp#27;[32m&amp#27;[1m"input"&amp#27;[0m                                    &amp#27;[90m# learningcucumber.ValidateInputAndAge.userAllowedValueIs(java.lang.String)&amp#27;[0m
]]></system-out>
  </testcase>
  <testcase name="Example #1.7" classname="Examples" time="0.004">
    <system-out><![CDATA[
Scenario Outline: Country is Spain and user inputs are valid          &amp#27;[90m# learningcucumber/UnderTheSkinIntegration.feature:54&amp#27;[0m
  &amp#27;[32mGiven &amp#27;[0m&amp#27;[32muser submits name &amp#27;[0m&amp#27;[32m&amp#27;[1m"Algo"&amp#27;[0m&amp#27;[32m, date &amp#27;[0m&amp#27;[32m&amp#27;[1m"29/02/2010"&amp#27;[0m&amp#27;[32m and is from Spain&amp#27;[0m &amp#27;[90m# learningcucumber.ValidateInputAndAge.userSubmitsSPInput(java.lang.String,java.lang.String)&amp#27;[0m
  &amp#27;[32mWhen &amp#27;[0m&amp#27;[32mi ask whether user the input is valid&amp#27;[0m                          &amp#27;[90m# learningcucumber.ValidateInputAndAge.iAskWhetherUserIsAllowed()&amp#27;[0m
  &amp#27;[32mThen &amp#27;[0m&amp#27;[32minput is valid = &amp#27;[0m&amp#27;[32m&amp#27;[1m"input"&amp#27;[0m                                       &amp#27;[90m# learningcucumber.ValidateInputAndAge.userAllowedValueIs(java.lang.String)&amp#27;[0m
]]></system-out>
  </testcase>
  <testcase name="Example #1.7" classname="Examples" time="0.003">
    <system-out><![CDATA[
Scenario Outline: Country is Portugal and user inputs are valid          &amp#27;[90m# learningcucumber/UnderTheSkinIntegration.feature:71&amp#27;[0m
  &amp#27;[32mGiven &amp#27;[0m&amp#27;[32muser submits name &amp#27;[0m&amp#27;[32m&amp#27;[1m"Algo"&amp#27;[0m&amp#27;[32m, date &amp#27;[0m&amp#27;[32m&amp#27;[1m"29/02/2010"&amp#27;[0m&amp#27;[32m and is from Portugal&amp#27;[0m &amp#27;[90m# learningcucumber.ValidateInputAndAge.userSubmitsPORInput(java.lang.String,java.lang.String)&amp#27;[0m
  &amp#27;[32mWhen &amp#27;[0m&amp#27;[32mi ask whether user the input is valid&amp#27;[0m                             &amp#27;[90m# learningcucumber.ValidateInputAndAge.iAskWhetherUserIsAllowed()&amp#27;[0m
  &amp#27;[32mThen &amp#27;[0m&amp#27;[32minput is valid = &amp#27;[0m&amp#27;[32m&amp#27;[1m"input"&amp#27;[0m                                          &amp#27;[90m# learningcucumber.ValidateInputAndAge.userAllowedValueIs(java.lang.String)&amp#27;[0m
]]></system-out>
  </testcase>
  <testcase name="Example #1.8" classname="Examples" time="0.008">
    <system-out><![CDATA[
Scenario Outline: user is (Dis)allowed in the specific dates conting from today                                                                                        &amp#27;[90m# learningcucumber/IsUserAllowed.feature:18&amp#27;[0m
  &amp#27;[32mGiven &amp#27;[0m&amp#27;[32mthe name &amp#27;[0m&amp#27;[32m&amp#27;[1m"Lorem ipsum dolor sit amet, consectetur adipiscing elit, sed do eiusmod tempor incididunt ut labore et dolore magna aliqua."&amp#27;[0m&amp#27;[32m and days interval &amp#27;[0m&amp#27;[32m&amp#27;[1m36526&amp#27;[0m &amp#27;[90m# learningcucumber.IsUserAllowed.userSubmitsName(java.lang.String,int)&amp#27;[0m
  &amp#27;[32mWhen &amp#27;[0m&amp#27;[32mwe want to abstract the user date input and check if the day intervals provide valid reply&amp#27;[0m                                                                      &amp#27;[90m# learningcucumber.IsUserAllowed.iAskWhetherUserIsAllowed()&amp#27;[0m
  &amp#27;[32mThen &amp#27;[0m&amp#27;[32muser allowed value is &amp#27;[0m&amp#27;[32m&amp#27;[1m"True"&amp#27;[0m                                                                                                                                    &amp#27;[90m# learningcucumber.IsUserAllowed.userAllowedValueIs(java.lang.String)&amp#27;[0m
]]></system-out>
  </testcase>
  <testcase name="Example #1.8" classname="Examples" time="0.006">
    <system-out><![CDATA[
Scenario Outline: Country is UK and user inputs are valid      &amp#27;[90m# learningcucumber/UnderTheSkinIntegration.feature:18&amp#27;[0m
  &amp#27;[32mGiven &amp#27;[0m&amp#27;[32muser submits name &amp#27;[0m&amp#27;[32m&amp#27;[1m""&amp#27;[0m&amp#27;[32m, date &amp#27;[0m&amp#27;[32m&amp#27;[1m"24/05/2010"&amp#27;[0m&amp#27;[32m and is from UK&amp#27;[0m &amp#27;[90m# learningcucumber.ValidateInputAndAge.userSubmitsUKInput(java.lang.String,java.lang.String)&amp#27;[0m
  &amp#27;[32mWhen &amp#27;[0m&amp#27;[32mi ask whether user the input is valid&amp#27;[0m                   &amp#27;[90m# learningcucumber.ValidateInputAndAge.iAskWhetherUserIsAllowed()&amp#27;[0m
  &amp#27;[32mThen &amp#27;[0m&amp#27;[32minput is valid = &amp#27;[0m&amp#27;[32m&amp#27;[1m"input"&amp#27;[0m                                &amp#27;[90m# learningcucumber.ValidateInputAndAge.userAllowedValueIs(java.lang.String)&amp#27;[0m
]]></system-out>
  </testcase>
  <testcase name="Example #1.8" classname="Examples" time="0.007">
    <system-out><![CDATA[
Scenario Outline: Country is US and user inputs are valid      &amp#27;[90m# learningcucumber/UnderTheSkinIntegration.feature:35&amp#27;[0m
  &amp#27;[32mGiven &amp#27;[0m&amp#27;[32muser submits name &amp#27;[0m&amp#27;[32m&amp#27;[1m""&amp#27;[0m&amp#27;[32m, date &amp#27;[0m&amp#27;[32m&amp#27;[1m"24/05/2010"&amp#27;[0m&amp#27;[32m and is from US&amp#27;[0m &amp#27;[90m# learningcucumber.ValidateInputAndAge.userSubmitsUSInput(java.lang.String,java.lang.String)&amp#27;[0m
  &amp#27;[32mWhen &amp#27;[0m&amp#27;[32mi ask whether user the input is valid&amp#27;[0m                   &amp#27;[90m# learningcucumber.ValidateInputAndAge.iAskWhetherUserIsAllowed()&amp#27;[0m
  &amp#27;[32mThen &amp#27;[0m&amp#27;[32minput is valid = &amp#27;[0m&amp#27;[32m&amp#27;[1m"input"&amp#27;[0m                                &amp#27;[90m# learningcucumber.ValidateInputAndAge.userAllowedValueIs(java.lang.String)&amp#27;[0m
]]></system-out>
  </testcase>
  <testcase name="Example #1.8" classname="Examples" time="0.004">
    <system-out><![CDATA[
Scenario Outline: Country is Spain and user inputs are valid      &amp#27;[90m# learningcucumber/UnderTheSkinIntegration.feature:55&amp#27;[0m
  &amp#27;[32mGiven &amp#27;[0m&amp#27;[32muser submits name &amp#27;[0m&amp#27;[32m&amp#27;[1m""&amp#27;[0m&amp#27;[32m, date &amp#27;[0m&amp#27;[32m&amp#27;[1m"24/05/2010"&amp#27;[0m&amp#27;[32m and is from Spain&amp#27;[0m &amp#27;[90m# learningcucumber.ValidateInputAndAge.userSubmitsSPInput(java.lang.String,java.lang.String)&amp#27;[0m
  &amp#27;[32mWhen &amp#27;[0m&amp#27;[32mi ask whether user the input is valid&amp#27;[0m                      &amp#27;[90m# learningcucumber.ValidateInputAndAge.iAskWhetherUserIsAllowed()&amp#27;[0m
  &amp#27;[32mThen &amp#27;[0m&amp#27;[32minput is valid = &amp#27;[0m&amp#27;[32m&amp#27;[1m"input"&amp#27;[0m                                   &amp#27;[90m# learningcucumber.ValidateInputAndAge.userAllowedValueIs(java.lang.String)&amp#27;[0m
]]></system-out>
  </testcase>
  <testcase name="Example #1.8" classname="Examples" time="0.003">
    <system-out><![CDATA[
Scenario Outline: Country is Portugal and user inputs are valid      &amp#27;[90m# learningcucumber/UnderTheSkinIntegration.feature:72&amp#27;[0m
  &amp#27;[32mGiven &amp#27;[0m&amp#27;[32muser submits name &amp#27;[0m&amp#27;[32m&amp#27;[1m""&amp#27;[0m&amp#27;[32m, date &amp#27;[0m&amp#27;[32m&amp#27;[1m"24/05/2010"&amp#27;[0m&amp#27;[32m and is from Portugal&amp#27;[0m &amp#27;[90m# learningcucumber.ValidateInputAndAge.userSubmitsPORInput(java.lang.String,java.lang.String)&amp#27;[0m
  &amp#27;[32mWhen &amp#27;[0m&amp#27;[32mi ask whether user the input is valid&amp#27;[0m                         &amp#27;[90m# learningcucumber.ValidateInputAndAge.iAskWhetherUserIsAllowed()&amp#27;[0m
  &amp#27;[32mThen &amp#27;[0m&amp#27;[32minput is valid = &amp#27;[0m&amp#27;[32m&amp#27;[1m"input"&amp#27;[0m                                      &amp#27;[90m# learningcucumber.ValidateInputAndAge.userAllowedValueIs(java.lang.String)&amp#27;[0m
]]></system-out>
  </testcase>
  <testcase name="Example #1.9" classname="Examples" time="0.005">
    <system-out><![CDATA[
Scenario Outline: Country is UK and user inputs are valid          &amp#27;[90m# learningcucumber/UnderTheSkinIntegration.feature:19&amp#27;[0m
  &amp#27;[32mGiven &amp#27;[0m&amp#27;[32muser submits name &amp#27;[0m&amp#27;[32m&amp#27;[1m"Algo"&amp#27;[0m&amp#27;[32m, date &amp#27;[0m&amp#27;[32m&amp#27;[1m"24/05/2010"&amp#27;[0m&amp#27;[32m and is from UK&amp#27;[0m &amp#27;[90m# learningcucumber.ValidateInputAndAge.userSubmitsUKInput(java.lang.String,java.lang.String)&amp#27;[0m
  &amp#27;[32mWhen &amp#27;[0m&amp#27;[32mi ask whether user the input is valid&amp#27;[0m                       &amp#27;[90m# learningcucumber.ValidateInputAndAge.iAskWhetherUserIsAllowed()&amp#27;[0m
  &amp#27;[32mThen &amp#27;[0m&amp#27;[32minput is valid = &amp#27;[0m&amp#27;[32m&amp#27;[1m"input"&amp#27;[0m                                    &amp#27;[90m# learningcucumber.ValidateInputAndAge.userAllowedValueIs(java.lang.String)&amp#27;[0m
]]></system-out>
  </testcase>
  <testcase name="Example #1.9" classname="Examples" time="0.004">
    <system-out><![CDATA[
Scenario Outline: Country is US and user inputs are valid          &amp#27;[90m# learningcucumber/UnderTheSkinIntegration.feature:36&amp#27;[0m
  &amp#27;[32mGiven &amp#27;[0m&amp#27;[32muser submits name &amp#27;[0m&amp#27;[32m&amp#27;[1m"Algo"&amp#27;[0m&amp#27;[32m, date &amp#27;[0m&amp#27;[32m&amp#27;[1m"24/05/2010"&amp#27;[0m&amp#27;[32m and is from US&amp#27;[0m &amp#27;[90m# learningcucumber.ValidateInputAndAge.userSubmitsUSInput(java.lang.String,java.lang.String)&amp#27;[0m
  &amp#27;[32mWhen &amp#27;[0m&amp#27;[32mi ask whether user the input is valid&amp#27;[0m                       &amp#27;[90m# learningcucumber.ValidateInputAndAge.iAskWhetherUserIsAllowed()&amp#27;[0m
  &amp#27;[32mThen &amp#27;[0m&amp#27;[32minput is valid = &amp#27;[0m&amp#27;[32m&amp#27;[1m"input"&amp#27;[0m                                    &amp#27;[90m# learningcucumber.ValidateInputAndAge.userAllowedValueIs(java.lang.String)&amp#27;[0m
]]></system-out>
  </testcase>
  <testcase name="Example #1.9" classname="Examples" time="0.02">
    <system-out><![CDATA[
Scenario Outline: Country is Spain and user inputs are valid          &amp#27;[90m# learningcucumber/UnderTheSkinIntegration.feature:56&amp#27;[0m
  &amp#27;[32mGiven &amp#27;[0m&amp#27;[32muser submits name &amp#27;[0m&amp#27;[32m&amp#27;[1m"Algo"&amp#27;[0m&amp#27;[32m, date &amp#27;[0m&amp#27;[32m&amp#27;[1m"24/05/2010"&amp#27;[0m&amp#27;[32m and is from Spain&amp#27;[0m &amp#27;[90m# learningcucumber.ValidateInputAndAge.userSubmitsSPInput(java.lang.String,java.lang.String)&amp#27;[0m
  &amp#27;[32mWhen &amp#27;[0m&amp#27;[32mi ask whether user the input is valid&amp#27;[0m                          &amp#27;[90m# learningcucumber.ValidateInputAndAge.iAskWhetherUserIsAllowed()&amp#27;[0m
  &amp#27;[32mThen &amp#27;[0m&amp#27;[32minput is valid = &amp#27;[0m&amp#27;[32m&amp#27;[1m"input"&amp#27;[0m                                       &amp#27;[90m# learningcucumber.ValidateInputAndAge.userAllowedValueIs(java.lang.String)&amp#27;[0m
]]></system-out>
  </testcase>
  <testcase name="Example #1.9" classname="Examples" time="0.003">
    <system-out><![CDATA[
Scenario Outline: Country is Portugal and user inputs are valid          &amp#27;[90m# learningcucumber/UnderTheSkinIntegration.feature:73&amp#27;[0m
  &amp#27;[32mGiven &amp#27;[0m&amp#27;[32muser submits name &amp#27;[0m&amp#27;[32m&amp#27;[1m"Algo"&amp#27;[0m&amp#27;[32m, date &amp#27;[0m&amp#27;[32m&amp#27;[1m"24/05/2010"&amp#27;[0m&amp#27;[32m and is from Portugal&amp#27;[0m &amp#27;[90m# learningcucumber.ValidateInputAndAge.userSubmitsPORInput(java.lang.String,java.lang.String)&amp#27;[0m
  &amp#27;[32mWhen &amp#27;[0m&amp#27;[32mi ask whether user the input is valid&amp#27;[0m                             &amp#27;[90m# learningcucumber.ValidateInputAndAge.iAskWhetherUserIsAllowed()&amp#27;[0m
  &amp#27;[32mThen &amp#27;[0m&amp#27;[32minput is valid = &amp#27;[0m&amp#27;[32m&amp#27;[1m"input"&amp#27;[0m                                          &amp#27;[90m# learningcucumber.ValidateInputAndAge.userAllowedValueIs(java.lang.String)&amp#27;[0m
]]></system-out>
  </testcase>
</testsuite>